<?xml version="1.0" encoding="UTF-8"?>
<testsuite name="RF13_prenota_posto_test" tests="6" skipped="0" failures="0" errors="0" timestamp="2021-12-22T09:49:05" hostname="lab11.edu-vc.unipmn.it" time="0.031">
  <properties/>
  <testcase name="test01_decrementa_prenota" classname="RF13_prenota_posto_test" time="0.018"/>
  <testcase name="test01_controllo_formato_scelta" classname="RF13_prenota_posto_test" time="0.0"/>
  <testcase name="test02_controllo_formato_scelta" classname="RF13_prenota_posto_test" time="0.0"/>
  <testcase name="test02_decrementa_prenota" classname="RF13_prenota_posto_test" time="0.005"/>
  <testcase name="test02_controllo_data_e_posti" classname="RF13_prenota_posto_test" time="0.008"/>
  <testcase name="test01_controllo_data_e_posti" classname="RF13_prenota_posto_test" time="0.0"/>
  <system-out><![CDATA[]]></system-out>
  <system-err><![CDATA[]]></system-err>
</testsuite>
