<?xml version="1.0" encoding="UTF-8"?>
<testsuite name="RF00_login_test" tests="35" skipped="0" failures="0" errors="0" timestamp="2021-12-22T09:55:20" hostname="regocol" time="0.042">
  <properties/>
  <testcase name="test_cerca_account_01" classname="RF00_login_test" time="0.014"/>
  <testcase name="test_cerca_account_02" classname="RF00_login_test" time="0.002"/>
  <testcase name="test_cerca_account_03" classname="RF00_login_test" time="0.002"/>
  <testcase name="test_cerca_account_04" classname="RF00_login_test" time="0.002"/>
  <testcase name="test_controlla_credenziali_01" classname="RF00_login_test" time="0.0"/>
  <testcase name="test_controlla_credenziali_02" classname="RF00_login_test" time="0.001"/>
  <testcase name="test_controlla_credenziali_03" classname="RF00_login_test" time="0.0"/>
  <testcase name="test_controlla_credenziali_04" classname="RF00_login_test" time="0.001"/>
  <testcase name="test_controlla_credenziali_05" classname="RF00_login_test" time="0.002"/>
  <testcase name="test_controlla_credenziali_06" classname="RF00_login_test" time="0.001"/>
  <testcase name="test_controlla_credenziali_07" classname="RF00_login_test" time="0.001"/>
  <testcase name="test_controlla_credenziali_08" classname="RF00_login_test" time="0.003"/>
  <testcase name="test_controlla_credenziali_09" classname="RF00_login_test" time="0.002"/>
  <testcase name="test_controlla_credenziali_10" classname="RF00_login_test" time="0.003"/>
  <testcase name="test_controlla_credenziali_11" classname="RF00_login_test" time="0.002"/>
  <testcase name="test_controlla_scelta_01" classname="RF00_login_test" time="0.001"/>
  <testcase name="test_controlla_scelta_02" classname="RF00_login_test" time="0.0"/>
  <testcase name="test_controlla_scelta_03" classname="RF00_login_test" time="0.0"/>
  <testcase name="test_controlla_scelta_04" classname="RF00_login_test" time="0.0"/>
  <testcase name="test_controlla_scelta_05" classname="RF00_login_test" time="0.001"/>
  <testcase name="test_controlla_scelta_06" classname="RF00_login_test" time="0.0"/>
  <testcase name="test_controlla_scelta_07" classname="RF00_login_test" time="0.0"/>
  <testcase name="test_controlla_scelta_08" classname="RF00_login_test" time="0.0"/>
  <testcase name="test_controlla_scelta_09" classname="RF00_login_test" time="0.0"/>
  <testcase name="test_controlla_scelta_10" classname="RF00_login_test" time="0.0"/>
  <testcase name="test_controlla_scelta_11" classname="RF00_login_test" time="0.0"/>
  <testcase name="test_controlla_scelta_12" classname="RF00_login_test" time="0.0"/>
  <testcase name="test_controlla_scelta_13" classname="RF00_login_test" time="0.0"/>
  <testcase name="test_controlla_scelta_14" classname="RF00_login_test" time="0.0"/>
  <testcase name="test_controlla_scelta_15" classname="RF00_login_test" time="0.0"/>
  <testcase name="test_controlla_scelta_16" classname="RF00_login_test" time="0.0"/>
  <testcase name="test_controlla_scelta_17" classname="RF00_login_test" time="0.0"/>
  <testcase name="test_controlla_scelta_18" classname="RF00_login_test" time="0.0"/>
  <testcase name="test_controlla_scelta_19" classname="RF00_login_test" time="0.0"/>
  <testcase name="test_controlla_scelta_20" classname="RF00_login_test" time="0.0"/>
  <system-out><![CDATA[]]></system-out>
  <system-err><![CDATA[]]></system-err>
</testsuite>
