<?xml version="1.0" encoding="UTF-8"?>
<testsuite name="RF12_ricerca_lezioni_test" tests="1" skipped="0" failures="0" errors="0" timestamp="2021-12-23T16:34:55" hostname="LAPTOP-BIME7T0E" time="0.046">
  <properties/>
  <testcase name="test_cerca_lezioni_03" classname="RF12_ricerca_lezioni_test" time="0.046"/>
  <system-out><![CDATA[]]></system-out>
  <system-err><![CDATA[]]></system-err>
</testsuite>
